Log file open, 10/06/18 15:56:45
LogWindows: Failed to load 'aqProf.dll' (GetLastError=126)
LogWindows: File 'aqProf.dll' does not exist
LogWindows: Failed to load 'VSPerf140.dll' (GetLastError=126)
LogWindows: File 'VSPerf140.dll' does not exist
LogWindows: Failed to load 'VtuneApi.dll' (GetLastError=126)
LogWindows: File 'VtuneApi.dll' does not exist
LogWindows: Failed to load 'VtuneApi32e.dll' (GetLastError=126)
LogWindows: File 'VtuneApi32e.dll' does not exist
LogInit: Display: Running engine for game: Eiko
LogPlatformFile: Not using cached read wrapper
LogTaskGraph: Started task graph with 5 named threads and 23 total threads with 3 sets of task threads.
LogStats: Stats thread started at 0.354185
LogD3D11RHI: Loaded GFSDK_Aftermath_Lib.x64.dll
LogICUInternationalization: Display: ICU TimeZone Detection - Raw Offset: -6:00, Platform Override: ''
LogPluginManager: Mounting plugin Paper2D
LogPluginManager: Mounting plugin AISupport
LogPluginManager: Mounting plugin LightPropagationVolume
LogPluginManager: Mounting plugin CLionSourceCodeAccess
LogPluginManager: Mounting plugin CodeLiteSourceCodeAccess
LogPluginManager: Mounting plugin GitSourceControl
LogPluginManager: Mounting plugin KDevelopSourceCodeAccess
LogPluginManager: Mounting plugin NullSourceCodeAccess
LogPluginManager: Mounting plugin PerforceSourceControl
LogPluginManager: Mounting plugin SubversionSourceControl
LogPluginManager: Mounting plugin UObjectPlugin
LogPluginManager: Mounting plugin VisualStudioCodeSourceCodeAccess
LogPluginManager: Mounting plugin VisualStudioSourceCodeAccess
LogPluginManager: Mounting plugin XCodeSourceCodeAccess
LogPluginManager: Mounting plugin AssetManagerEditor
LogPluginManager: Mounting plugin CryptoKeys
LogPluginManager: Mounting plugin DataValidation
LogPluginManager: Mounting plugin FacialAnimation
LogPluginManager: Mounting plugin GameplayTagsEditor
LogPluginManager: Mounting plugin MacGraphicsSwitching
LogPluginManager: Mounting plugin MeshEditor
LogPluginManager: Mounting plugin MobileLauncherProfileWizard
LogPluginManager: Mounting plugin PluginBrowser
LogPluginManager: Mounting plugin SpeedTreeImporter
LogPluginManager: Mounting plugin DatasmithContent
LogPluginManager: Mounting plugin AlembicImporter
LogPluginManager: Mounting plugin AppleImageUtils
LogPluginManager: Mounting plugin AppleVision
LogPluginManager: Mounting plugin BackChannel
LogPluginManager: Mounting plugin CharacterAI
LogPluginManager: Mounting plugin GeometryCache
LogPluginManager: Mounting plugin HTML5Networking
LogPluginManager: Mounting plugin ProxyLODPlugin
LogPluginManager: Mounting plugin MagicLeap
LogPluginManager: Mounting plugin MagicLeapEmulator
LogPluginManager: Mounting plugin MagicLeapMedia
LogPluginManager: Mounting plugin AndroidMedia
LogPluginManager: Mounting plugin AvfMedia
LogPluginManager: Mounting plugin ImgMedia
LogPluginManager: Mounting plugin LinearTimecode
LogPluginManager: Mounting plugin MediaCompositing
LogPluginManager: Mounting plugin MediaPlayerEditor
LogPluginManager: Mounting plugin WmfMedia
LogPluginManager: Mounting plugin TcpMessaging
LogPluginManager: Mounting plugin UdpMessaging
LogPluginManager: Mounting plugin ActorSequence
LogPluginManager: Mounting plugin LevelSequenceEditor
LogPluginManager: Mounting plugin MatineeToLevelSequence
LogPluginManager: Mounting plugin NetcodeUnitTest
LogPluginManager: Mounting plugin NUTUnrealEngine4
LogPluginManager: Mounting plugin OnlineSubsystemGooglePlay
LogPluginManager: Mounting plugin OnlineSubsystemIOS
LogPluginManager: Mounting plugin OnlineSubsystem
LogPluginManager: Mounting plugin OnlineSubsystemNull
LogPluginManager: Mounting plugin OnlineSubsystemUtils
LogPluginManager: Mounting plugin LauncherChunkInstaller
LogPluginManager: Mounting plugin AndroidDeviceProfileSelector
LogPluginManager: Mounting plugin AndroidMoviePlayer
LogPluginManager: Mounting plugin AndroidPermission
LogPluginManager: Mounting plugin AppleMoviePlayer
LogPluginManager: Mounting plugin ArchVisCharacter
LogPluginManager: Mounting plugin AudioCapture
LogPluginManager: Mounting plugin CableComponent
LogPluginManager: Mounting plugin CustomMeshComponent
LogPluginManager: Mounting plugin EditableMesh
LogPluginManager: Mounting plugin ExampleDeviceProfileSelector
LogPluginManager: Mounting plugin GoogleCloudMessaging
LogPluginManager: Mounting plugin ImmediatePhysics
LogPluginManager: Mounting plugin IOSDeviceProfileSelector
LogPluginManager: Mounting plugin LinuxDeviceProfileSelector
LogPluginManager: Mounting plugin LocationServicesBPLibrary
LogPluginManager: Mounting plugin MobilePatchingUtils
LogPluginManager: Mounting plugin OculusVR
LogPluginManager: Plugin shader directory ../../../Engine/Plugins/Runtime/Oculus/OculusVR/Shaders found
LogPluginManager: Mapping shader source directory ../../../Engine/Plugins/Runtime/Oculus/OculusVR/Shaders to virtual directory /Plugin/OculusVR
LogPluginManager: Mounting plugin PhysXVehicles
LogPluginManager: Mounting plugin ProceduralMeshComponent
LogPluginManager: Mounting plugin RuntimePhysXCooking
LogPluginManager: Mounting plugin SteamVR
LogPluginManager: Mounting plugin WindowsMoviePlayer
LogStreaming: Display: Took  0.331s to configure plugins.
LogInit: Using libcurl 7.55.1-DEV
LogInit:  - built for x86_64-pc-win32
LogInit:  - supports SSL with OpenSSL/1.0.2h
LogInit:  - supports HTTP deflate (compression) using libz 1.2.8
LogInit:  - other features:
LogInit:      CURL_VERSION_SSL
LogInit:      CURL_VERSION_LIBZ
LogInit:      CURL_VERSION_IPV6
LogInit:      CURL_VERSION_ASYNCHDNS
LogInit:      CURL_VERSION_LARGEFILE
LogInit:      CURL_VERSION_IDN
LogInit:  CurlRequestOptions (configurable via config and command line):
LogInit:  - bVerifyPeer = false  - Libcurl will NOT verify peer certificate
LogInit:  - bUseHttpProxy = false  - Libcurl will NOT use HTTP proxy
LogInit:  - bDontReuseConnections = false  - Libcurl will reuse connections
LogInit:  - CertBundlePath = nullptr  - Libcurl will use whatever was configured at build time.
LogInit:  - MaxHostConnections = 16  - Libcurl will limit the number of connections to a host
LogInit:  - LocalHostAddr = Default
LogInit:  - BufferSize = 65536
LogInit: WinSock: version 1.1 (2.2), MaxSocks=32767, MaxUdp=65467
LogInit: Build: ++UE4+Release-4.20-CL-4302132
LogInit: Engine Version: 4.20.2-4302132+++UE4+Release-4.20
LogInit: Compatible Engine Version: 4.20.0-4212847+++UE4+Release-4.20
LogInit: Net CL: 4212847
LogInit: OS: Windows 10 (), CPU:       Intel(R) Core(TM) i7-2630QM CPU @ 2.00GHz, GPU: NVIDIA GeForce GTX 560M
LogInit: Compiled (64-bit): Aug 21 2018 02:06:06
LogInit: Compiled with Visual C++: 19.13.26129.00
LogInit: Build Configuration: Development
LogInit: Branch Name: ++UE4+Release-4.20
LogInit: Command Line:  
LogInit: Base Directory: C:/Program Files/Epic Games/UE_4.20/Engine/Binaries/Win64/
LogInit: Installed Engine Build: 1
LogDevObjectVersion: Number of dev versions registered: 20
LogDevObjectVersion:   Dev-Blueprints (B0D832E4-1F89-4F0D-ACCF-7EB736FD4AA2): 10
LogDevObjectVersion:   Dev-Build (E1C64328-A22C-4D53-A36C-8E866417BD8C): 0
LogDevObjectVersion:   Dev-Core (375EC13C-06E4-48FB-B500-84F0262A717E): 2
LogDevObjectVersion:   Dev-Editor (E4B068ED-F494-42E9-A231-DA0B2E46BB41): 24
LogDevObjectVersion:   Dev-Framework (CFFC743F-43B0-4480-9391-14DF171D2073): 34
LogDevObjectVersion:   Dev-Mobile (B02B49B5-BB20-44E9-A304-32B752E40360): 2
LogDevObjectVersion:   Dev-Networking (A4E4105C-59A1-49B5-A7C5-40C4547EDFEE): 0
LogDevObjectVersion:   Dev-Online (39C831C9-5AE6-47DC-9A44-9C173E1C8E7C): 0
LogDevObjectVersion:   Dev-Physics (78F01B33-EBEA-4F98-B9B4-84EACCB95AA2): 0
LogDevObjectVersion:   Dev-Platform (6631380F-2D4D-43E0-8009-CF276956A95A): 0
LogDevObjectVersion:   Dev-Rendering (12F88B9F-8875-4AFC-A67C-D90C383ABD29): 26
LogDevObjectVersion:   Dev-Sequencer (7B5AE74C-D270-4C10-A958-57980B212A5A): 9
LogDevObjectVersion:   Dev-VR (D7296918-1DD6-4BDD-9DE2-64A83CC13884): 2
LogDevObjectVersion:   Dev-LoadTimes (C2A15278-BFE7-4AFE-6C17-90FF531DF755): 1
LogDevObjectVersion:   Private-Geometry (6EACA3D4-40EC-4CC1-B786-8BED09428FC5): 3
LogDevObjectVersion:   Dev-AnimPhys (29E575DD-E0A3-4627-9D10-D276232CDCEA): 17
LogDevObjectVersion:   Dev-ReflectionCapture (6B266CEC-1EC7-4B8F-A30B-E4D90942FC07): 1
LogDevObjectVersion:   Dev-Automation (0DF73D61-A23F-47EA-B727-89E90C41499A): 1
LogDevObjectVersion:   FortniteMain (601D1886-AC64-4F84-AA16-D3DE0DEAC7D6): 12
LogDevObjectVersion:   Dev-Enterprise (9DFFBCD6-494F-0158-E221-12823C92A888): 1
LogStreaming: Display: Took  0.001s to delete old logs.
LogInit: Presizing for max 8388607 objects, including 0 objects not considered by GC, pre-allocating 0 bytes for permanent pool.
LogInit: Object subsystem initialized
[2018.10.06-20.56.46:465][  0]LogInit: Selected Device Profile: [Windows]
[2018.10.06-20.56.46:465][  0]LogInit: Applying CVar settings loaded from the selected device profile: [Windows]
[2018.10.06-20.56.46:489][  0]LogHAL: Display: Platform has ~ 12 GB [12860948480 / 17179869184 / 12], which maps to Larger [LargestMinGB=32, LargerMinGB=12, DefaultMinGB=8, SmallerMinGB=6, SmallestMinGB=0)
[2018.10.06-20.56.46:489][  0]LogInit: Setting Device Profile CVar: [[r.Vulkan.UseRealUBs:1]]
[2018.10.06-20.56.46:489][  0]LogInit: Going up to parent DeviceProfile []
[2018.10.06-20.56.46:490][  0]LogInit: Computer: DESKTOP-GCVK9JQ
[2018.10.06-20.56.46:490][  0]LogInit: User: Elena
[2018.10.06-20.56.46:490][  0]LogInit: CPU Page size=4096, Cores=4
[2018.10.06-20.56.46:490][  0]LogInit: High frequency timer resolution =1.948701 MHz
[2018.10.06-20.56.46:490][  0]LogMemory: Memory total: Physical=12.0GB (12GB approx)
[2018.10.06-20.56.46:490][  0]LogMemory: Platform Memory Stats for Windows
[2018.10.06-20.56.46:490][  0]LogMemory: Process Physical Memory: 101.51 MB used, 101.51 MB peak
[2018.10.06-20.56.46:490][  0]LogMemory: Process Virtual Memory: 89.45 MB used, 89.45 MB peak
[2018.10.06-20.56.46:490][  0]LogMemory: Physical Memory: 5093.56 MB used,  7171.60 MB free, 12265.16 MB total
[2018.10.06-20.56.46:490][  0]LogMemory: Virtual Memory: 4624.43 MB used,  7171.60 MB free, 134217728.00 MB total
[2018.10.06-20.56.46:523][  0]LogInit: Using OS detected language (en-US).
[2018.10.06-20.56.46:523][  0]LogInit: Using OS detected locale (en-US).
[2018.10.06-20.56.46:525][  0]LogTextLocalizationManager: No specific localization for 'en-US' exists, so the 'en' localization will be used.
[2018.10.06-20.56.47:107][  0]LogStreaming: Display: Took  0.583s to InitEngineTextLocalization.
[2018.10.06-20.56.47:107][  0]LogInit: Setting process to per monitor DPI aware
[2018.10.06-20.56.47:163][  0]LogSlate: New Slate User Created.  User Index 0, Is Virtual User: 0
[2018.10.06-20.56.47:163][  0]LogSlate: Slate User Registered.  User Index 0, Is Virtual User: 0
[2018.10.06-20.56.47:590][  0]LogHMD: Failed to initialize OpenVR with code 110
[2018.10.06-20.56.47:590][  0]LogD3D11RHI: D3D11 adapters:
[2018.10.06-20.56.47:626][  0]LogD3D11RHI:    0. 'NVIDIA GeForce GTX 560M' (Feature Level 11_0)
[2018.10.06-20.56.47:626][  0]LogD3D11RHI:       3020/0/6132 MB DedicatedVideo/DedicatedSystem/SharedSystem, Outputs:1, VendorId:0x10de
[2018.10.06-20.56.47:629][  0]LogD3D11RHI:    1. 'Microsoft Basic Render Driver' (Feature Level 11_0)
[2018.10.06-20.56.47:629][  0]LogD3D11RHI:       0/0/6132 MB DedicatedVideo/DedicatedSystem/SharedSystem, Outputs:0, VendorId:0x1414
[2018.10.06-20.56.47:629][  0]LogD3D11RHI: Chosen D3D11 Adapter: 0
[2018.10.06-20.56.47:638][  0]LogD3D11RHI: Creating new Direct3DDevice
[2018.10.06-20.56.47:639][  0]LogD3D11RHI:     GPU DeviceId: 0x1251 (for the marketing name, search the web for "GPU Device Id")
[2018.10.06-20.56.47:639][  0]LogWindows: EnumDisplayDevices:
[2018.10.06-20.56.47:639][  0]LogWindows:    0. 'NVIDIA GeForce GTX 560M' (P:1 D:1)
[2018.10.06-20.56.47:639][  0]LogWindows:    1. 'NVIDIA GeForce GTX 560M' (P:0 D:0)
[2018.10.06-20.56.47:640][  0]LogWindows: DebugString: FoundDriverCount:2 
[2018.10.06-20.56.47:640][  0]LogD3D11RHI:     Adapter Name: NVIDIA GeForce GTX 560M
[2018.10.06-20.56.47:640][  0]LogD3D11RHI:   Driver Version: 369.09 (internal:21.21.13.6909, unified:369.09)
[2018.10.06-20.56.47:640][  0]LogD3D11RHI:      Driver Date: 8-1-2016
[2018.10.06-20.56.47:640][  0]LogRHI: Texture pool is 2114 MB (70% of 3020 MB)
[2018.10.06-20.56.47:665][  0]LogD3D11RHI: Display: Timestamp queries are currently disabled on this hardware due to instability. Realtime GPU stats will not be available. You can override this behaviour by setting r.NVIDIATimestampWorkaround to 0
[2018.10.06-20.56.47:665][  0]LogD3D11RHI: Async texture creation enabled
[2018.10.06-20.56.47:678][  0]LogD3D11RHI: GPU Timing Frequency: 1000.000000 (Debug: 2 1)
[2018.10.06-20.56.47:726][  0]LogShaderCompilers: Guid format shader working directory is 9 characters bigger than the processId version (F:/My Documents/GitHub/EikoFotM/Eiko/Intermediate/Shaders/WorkingDirectory/14824/).
[2018.10.06-20.56.47:727][  0]LogShaderCompilers: Cleaned the shader compiler working directory 'C:/Users/Elena/AppData/Local/Temp/UnrealShaderWorkingDir/453149C645038DCBA244FF92E586FA55/'.
[2018.10.06-20.56.48:295][  0]LogTemp: Display: Loaded TP AllDesktopTargetPlatform
[2018.10.06-20.56.48:320][  0]LogTemp: Display: Loaded TP MacClientTargetPlatform
[2018.10.06-20.56.48:343][  0]LogTemp: Display: Loaded TP MacNoEditorTargetPlatform
[2018.10.06-20.56.48:367][  0]LogTemp: Display: Loaded TP MacServerTargetPlatform
[2018.10.06-20.56.48:392][  0]LogTemp: Display: Loaded TP MacTargetPlatform
[2018.10.06-20.56.48:415][  0]LogTemp: Display: Loaded TP WindowsClientTargetPlatform
[2018.10.06-20.56.48:439][  0]LogTemp: Display: Loaded TP WindowsNoEditorTargetPlatform
[2018.10.06-20.56.48:462][  0]LogTemp: Display: Loaded TP WindowsServerTargetPlatform
[2018.10.06-20.56.48:475][  0]LogTemp: Display: Loaded TP WindowsTargetPlatform
[2018.10.06-20.56.48:624][  0]LogTemp: Display: Loaded TP AndroidTargetPlatform
[2018.10.06-20.56.48:624][  0]LogTemp: Display: Loaded TP AndroidTargetPlatform
[2018.10.06-20.56.48:624][  0]LogTemp: Display: Loaded TP AndroidTargetPlatform
[2018.10.06-20.56.48:624][  0]LogTemp: Display: Loaded TP AndroidTargetPlatform
[2018.10.06-20.56.48:624][  0]LogTemp: Display: Loaded TP AndroidTargetPlatform
[2018.10.06-20.56.48:624][  0]LogTemp: Display: Loaded TP AndroidTargetPlatform
[2018.10.06-20.56.48:624][  0]LogTemp: Display: Loaded TP AndroidTargetPlatform
[2018.10.06-20.56.48:624][  0]LogTemp: Display: Loaded TP AndroidTargetPlatform
[2018.10.06-20.56.48:624][  0]LogTemp: Display: Loaded TP AndroidTargetPlatform
[2018.10.06-20.56.48:624][  0]LogTemp: Display: Loaded TP AndroidTargetPlatform
[2018.10.06-20.56.48:624][  0]LogTemp: Display: Loaded TP AndroidTargetPlatform
[2018.10.06-20.56.48:625][  0]LogTemp: Display: Loaded TP AndroidTargetPlatform
[2018.10.06-20.56.48:625][  0]LogTemp: Display: Loaded TP AndroidTargetPlatform
[2018.10.06-20.56.48:625][  0]LogTemp: Display: Loaded TP AndroidTargetPlatform
[2018.10.06-20.56.48:625][  0]LogTemp: Display: Loaded TP AndroidTargetPlatform
[2018.10.06-20.56.48:625][  0]LogTemp: Display: Loaded TP AndroidTargetPlatform
[2018.10.06-20.56.48:625][  0]LogTemp: Display: Loaded TP AndroidTargetPlatform
[2018.10.06-20.56.48:625][  0]LogTemp: Display: Loaded TP AndroidTargetPlatform
[2018.10.06-20.56.48:629][  0]LogTemp: Display: Loaded TP HTML5TargetPlatform
[2018.10.06-20.56.48:716][  0]LogTemp: Display: Loaded TP IOSTargetPlatform
[2018.10.06-20.56.48:716][  0]LogTemp: Display: Loaded TP IOSTargetPlatform
[2018.10.06-20.56.48:755][  0]LogTemp: Display: Loaded TP TVOSTargetPlatform
[2018.10.06-20.56.48:755][  0]LogTemp: Display: Loaded TP TVOSTargetPlatform
[2018.10.06-20.56.48:777][  0]LogTemp: Display: Loaded TP LinuxClientTargetPlatform
[2018.10.06-20.56.48:798][  0]LogTemp: Display: Loaded TP LinuxNoEditorTargetPlatform
[2018.10.06-20.56.48:819][  0]LogTemp: Display: Loaded TP LinuxServerTargetPlatform
[2018.10.06-20.56.48:841][  0]LogTemp: Display: Loaded TP LinuxTargetPlatform
[2018.10.06-20.56.48:861][  0]LogTemp: Display: Loaded TP LuminTargetPlatform
[2018.10.06-20.56.48:861][  0]LogTargetPlatformManager: Display: Building Assets For Windows
[2018.10.06-20.56.48:981][  0]LogXGEController: Cleaning working directory: C:/Users/Elena/AppData/Local/Temp/UnrealXGEWorkingDir/
[2018.10.06-20.56.48:981][  0]LogXGEController: Cannot use XGE Controller as Incredibuild is not installed on this machine.
[2018.10.06-20.56.48:981][  0]LogShaderCompilers: Cannot use XGE Shader Compiler as Incredibuild is not installed on this machine.
[2018.10.06-20.56.48:982][  0]LogShaderCompilers: Display: Using Local Shader Compiler.
[2018.10.06-20.56.50:331][  0]LogDerivedDataCache: Display: Max Cache Size: 512 MB
[2018.10.06-20.56.50:427][  0]LogDerivedDataCache: Loaded boot cache 0.10s 71MB C:/Users/Elena/AppData/Local/UnrealEngine/4.20/DerivedDataCache/Boot.ddc.
[2018.10.06-20.56.50:427][  0]LogDerivedDataCache: Display: Loaded Boot cache: C:/Users/Elena/AppData/Local/UnrealEngine/4.20/DerivedDataCache/Boot.ddc
[2018.10.06-20.56.50:427][  0]LogDerivedDataCache: FDerivedDataBackendGraph:  Pak pak cache file F:/My Documents/GitHub/EikoFotM/Eiko/DerivedDataCache/DDC.ddp not found, will not use a pak cache.
[2018.10.06-20.56.50:427][  0]LogDerivedDataCache: Unable to find inner node Pak for hierarchical cache Hierarchy.
[2018.10.06-20.56.50:427][  0]LogDerivedDataCache: FDerivedDataBackendGraph:  CompressedPak pak cache file F:/My Documents/GitHub/EikoFotM/Eiko/DerivedDataCache/Compressed.ddp not found, will not use a pak cache.
[2018.10.06-20.56.50:428][  0]LogDerivedDataCache: Unable to find inner node CompressedPak for hierarchical cache Hierarchy.
[2018.10.06-20.56.50:450][  0]LogDerivedDataCache: Display: Pak cache opened for reading ../../../Engine/DerivedDataCache/Compressed.ddp.
[2018.10.06-20.56.50:464][  0]LogDerivedDataCache: Using Local data cache path C:/Users/Elena/AppData/Local/UnrealEngine/Common/DerivedDataCache: Writable
[2018.10.06-20.56.50:464][  0]LogDerivedDataCache: Shared data cache path not found in *engine.ini, will not use an Shared cache.
[2018.10.06-20.56.50:464][  0]LogDerivedDataCache: Unable to find inner node Shared for hierarchical cache Hierarchy.
[2018.10.06-20.56.50:505][  0]LogMaterial: Verifying Global Shaders for PCD3D_SM5
[2018.10.06-20.56.50:508][  0]LogSlate: Using FreeType 2.6.0
[2018.10.06-20.56.50:509][  0]LogSlate: SlateFontServices - WITH_FREETYPE: 1, WITH_HARFBUZZ: 1
[2018.10.06-20.56.50:637][  0]LogAssetRegistry: FAssetRegistry took 0.0290 seconds to start up
[2018.10.06-20.56.51:259][  0]LogInit: Selected Device Profile: [Windows]
[2018.10.06-20.56.51:504][  0]LogSimplygon: Simplygon DLL not present - disabling.
[2018.10.06-20.56.51:513][  0]LogMeshReduction: Using SimplygonSwarm for distributed automatic mesh merging
[2018.10.06-20.56.51:513][  0]LogMeshReduction: Using ProxyLODMeshReduction for automatic mesh merging
[2018.10.06-20.56.51:513][  0]LogMeshReduction: Using QuadricMeshReduction for automatic static mesh reduction
[2018.10.06-20.56.51:513][  0]LogMeshReduction: No automatic skeletal mesh reduction module available
[2018.10.06-20.56.51:536][  0]LogNetVersion: Eiko 1.0.0, NetCL: 4212847, EngineNetVer: 5, GameNetVer: 0 (Checksum: 1958715332)
[2018.10.06-20.56.52:506][  0]LogPackageLocalizationCache: Processed 11 localized package path(s) for 2 prioritized culture(s) in 0.286824 seconds
[2018.10.06-20.56.52:517][  0]LogUObjectArray: 38425 objects as part of root set at end of initial load.
[2018.10.06-20.56.52:517][  0]LogUObjectAllocator: 6690864 out of 0 bytes used by permanent object pool.
[2018.10.06-20.56.52:517][  0]LogUObjectArray: CloseDisregardForGC: 0/0 objects in disregard for GC pool
[2018.10.06-20.56.54:135][  0]LogTcpMessaging: Initializing TcpMessaging bridge
[2018.10.06-20.56.54:153][  0]LogUdpMessaging: Initializing bridge on interface 0.0.0.0:0 to multicast group 230.0.0.1:6666.
[2018.10.06-20.56.54:377][  0]SourceControl: Source control is disabled
[2018.10.06-20.56.54:377][  0]SourceControl: Source control is disabled
[2018.10.06-20.56.54:381][  0]SourceControl: Source control is disabled
[2018.10.06-20.56.54:383][  0]SourceControl: Source control is disabled
[2018.10.06-20.56.54:622][  0]LogAndroidPermission: UAndroidPermissionCallbackProxy::GetInstance
[2018.10.06-20.56.54:714][  0]LogOcInput: OculusInput pre-init called
[2018.10.06-20.56.54:816][  0]LogEngine: Initializing Engine...
[2018.10.06-20.56.54:818][  0]LogHMD: Failed to initialize OpenVR with code 110
[2018.10.06-20.56.54:820][  0]LogStats: UGameplayTagsManager::ConstructGameplayTagTree: ImportINI prefixes -  0.000 s
[2018.10.06-20.56.54:820][  0]LogStats: UGameplayTagsManager::ConstructGameplayTagTree: Construct from data asset -  0.000 s
[2018.10.06-20.56.54:820][  0]LogStats: UGameplayTagsManager::ConstructGameplayTagTree: ImportINI -  0.000 s
[2018.10.06-20.56.54:821][  0]LogStats: UGameplayTagsManager::ConstructGameplayTagTree: GameplayTagTreeChangedEvent.Broadcast -  0.000 s
[2018.10.06-20.56.55:172][  0]LogInit: Initializing FReadOnlyCVARCache
[2018.10.06-20.56.55:201][  0]LogAIModule: Creating AISystem for world Untitled
[2018.10.06-20.56.55:214][  0]LogInit: XAudio2 using 'Speakers (Realtek High Definition Audio)' : 2 channels at 48 kHz using 32 bits per sample (channel mask 0x3)
[2018.10.06-20.56.55:265][  0]LogInit: FAudioDevice initialized.
[2018.10.06-20.56.55:265][  0]LogNetVersion: Set ProjectVersion to 1.0.0.0. Version Checksum will be recalculated on next use.
[2018.10.06-20.56.55:494][  0]LogDerivedDataCache: Saved boot cache 0.23s 71MB C:/Users/Elena/AppData/Local/UnrealEngine/4.20/DerivedDataCache/Boot.ddc.
[2018.10.06-20.56.55:508][  0]LogInit: Texture streaming: Enabled
[2018.10.06-20.56.55:550][  0]LogEngineSessionManager: EngineSessionManager initialized
[2018.10.06-20.56.55:577][  0]LogInit: Transaction tracking system initialized
[2018.10.06-20.56.55:627][  0]BlueprintLog: New page: Editor Load
[2018.10.06-20.56.55:791][  0]LocalizationService: Localization service is disabled
[2018.10.06-20.56.56:223][  0]LogCook: Display: Max memory allowance for cook 16384mb min free memory 0mb
[2018.10.06-20.56.56:223][  0]LogCook: Display: Mobile HDR setting 1
[2018.10.06-20.56.56:223][  0]LogGameplayTags: Display: UGameplayTagsManager::DoneAddingNativeTags. DelegateIsBound: 0
[2018.10.06-20.56.56:223][  0]LogStats: UGameplayTagsManager::ConstructGameplayTagTree: ImportINI prefixes -  0.000 s
[2018.10.06-20.56.56:223][  0]LogStats: UGameplayTagsManager::ConstructGameplayTagTree: Construct from data asset -  0.000 s
[2018.10.06-20.56.56:223][  0]LogStats: UGameplayTagsManager::ConstructGameplayTagTree: ImportINI -  0.000 s
[2018.10.06-20.56.56:223][  0]LogStats: UGameplayTagsManager::ConstructGameplayTagTree: GameplayTagTreeChangedEvent.Broadcast -  0.000 s
[2018.10.06-20.56.56:459][  0]LogFileCache: Scanning file cache for directory 'F:/My Documents/GitHub/EikoFotM/Eiko/Content/' took 0.02s
[2018.10.06-20.56.56:459][  0]SourceControl: Source control is disabled
[2018.10.06-20.56.56:459][  0]Cmd: MAP LOAD FILE="F:/My Documents/GitHub/EikoFotM/Eiko/Content/EikoMainLevel.umap" TEMPLATE=0 SHOWPROGRESS=1 FEATURELEVEL=3
[2018.10.06-20.56.56:460][  0]LightingResults: New page: Lighting Build
[2018.10.06-20.56.56:465][  0]MapCheck: New page: Map Check
[2018.10.06-20.56.56:465][  0]LightingResults: New page: Lighting Build
[2018.10.06-20.56.57:897][  0]LogAIModule: Creating AISystem for world EikoMainLevel
[2018.10.06-20.56.57:935][  0]LogEditorServer: Finished looking for orphan Actors (0.000 secs)
[2018.10.06-20.56.57:967][  0]Cmd: MAP CHECKDEP NOCLEARLOG
[2018.10.06-20.56.58:174][  0]MapCheck: Map check complete: 0 Error(s), 0 Warning(s), took 207.055ms to complete.
[2018.10.06-20.56.58:175][  0]LogFileHelpers: Loading map 'EikoMainLevel' took 1.716
[2018.10.06-20.56.58:298][  0]LogSlate: Updating window title bar state: overlay mode, drag disabled, window buttons hidden, title bar hidden
[2018.10.06-20.56.58:312][  0]LogSlate: Updating window title bar state: overlay mode, drag disabled, window buttons hidden, title bar hidden
[2018.10.06-20.56.58:327][  0]LogSlate: Updating window title bar state: overlay mode, drag disabled, window buttons hidden, title bar hidden
[2018.10.06-20.56.58:339][  0]LogSlate: Updating window title bar state: overlay mode, drag disabled, window buttons hidden, title bar hidden
[2018.10.06-20.56.58:351][  0]LogCollectionManager: Loaded 0 collections in 0.003352 seconds
[2018.10.06-20.56.58:398][  0]LogFileCache: Scanning file cache for directory 'F:/My Documents/GitHub/EikoFotM/Eiko/Saved/Collections/' took 0.01s
[2018.10.06-20.56.58:398][  0]LogFileCache: Scanning file cache for directory 'F:/My Documents/GitHub/EikoFotM/Eiko/Content/Developers/Elena/Collections/' took 0.01s
[2018.10.06-20.56.58:398][  0]LogFileCache: Scanning file cache for directory 'F:/My Documents/GitHub/EikoFotM/Eiko/Content/Collections/' took 0.01s
[2018.10.06-20.56.58:398][  0]LogCollectionManager: Rebuilt the GUID cache for 0 collections in 0.000001 seconds
[2018.10.06-20.56.58:414][  0]LogContentBrowser: Native class hierarchy populated in 0.0151 seconds. Added 2572 classes and 603 folders.
[2018.10.06-20.56.58:427][  0]LogContentBrowser: Native class hierarchy updated for 'WidgetCarousel' in 0.0004 seconds. Added 0 classes and 0 folders.
[2018.10.06-20.56.58:550][  0]LogContentBrowser: Native class hierarchy updated for 'AddContentDialog' in 0.0003 seconds. Added 0 classes and 0 folders.
[2018.10.06-20.56.58:561][  0]LogContentBrowser: Native class hierarchy updated for 'SceneOutliner' in 0.0005 seconds. Added 1 classes and 2 folders.
[2018.10.06-20.56.58:594][  0]LogSlate: Took 0.000495 seconds to synchronously load lazily loaded font '../../../Engine/Content/Slate/Fonts/Roboto-Regular.ttf' (155K)
[2018.10.06-20.56.58:597][  0]LogSlate: Took 0.000382 seconds to synchronously load lazily loaded font '../../../Engine/Content/Slate/Fonts/Roboto-Bold.ttf' (160K)
[2018.10.06-20.56.58:605][  0]LogSlate: Took 0.000488 seconds to synchronously load lazily loaded font '../../../Engine/Content/Editor/Slate/Fonts/FontAwesome.ttf' (139K)
[2018.10.06-20.56.58:743][  0]LogRenderer: Reallocating scene render targets to support 1164x600 Format 10 NumSamples 1 (Frame:1).
[2018.10.06-20.56.58:940][  0]LogSlate: Took 0.000499 seconds to synchronously load lazily loaded font '../../../Engine/Content/Slate/Fonts/Roboto-Light.ttf' (167K)
[2018.10.06-20.56.59:201][  0]LogContentBrowser: Native class hierarchy updated for 'HierarchicalLODOutliner' in 0.0004 seconds. Added 0 classes and 0 folders.
[2018.10.06-20.56.59:202][  0]LogLoad: (Engine Initialization) Total time: 16.46 seconds
[2018.10.06-20.56.59:202][  0]LogLoad: (Engine Initialization) Total Blueprint compile time: 0.00 seconds
[2018.10.06-20.56.59:221][  0]LogWindowsTextInputMethodSystem: Display: IME system now deactivated.
[2018.10.06-20.56.59:249][  0]LogContentStreaming: Texture pool size now 1000 MB
[2018.10.06-20.56.59:360][  2]LogAssetRegistry: Asset discovery search completed in 8.7455 seconds
[2018.10.06-20.56.59:363][  2]LogCollectionManager: Rebuilt the object cache for 0 collections in 0.000001 seconds (found 0 objects)
[2018.10.06-20.56.59:363][  2]LogCollectionManager: Fixed up redirectors for 0 collections in 0.000125 seconds (updated 0 objects)
[2018.10.06-20.57.00:420][  4]LogSlate: Took 0.000501 seconds to synchronously load lazily loaded font '../../../Engine/Content/Slate/Fonts/Roboto-Light.ttf' (167K)
[2018.10.06-20.57.14:371][436]LogSlate: FSceneViewport::OnFocusLost() reason 0
[2018.10.06-20.57.14:439][439]LogTemp: Repeating last play command: Selected Viewport
[2018.10.06-20.57.14:466][439]LogBlueprintUserMessages: Early PlayInEditor Detection: Level '/Game/EikoMainLevel.EikoMainLevel:PersistentLevel' has LevelScriptBlueprint '/Game/EikoMainLevel.EikoMainLevel:PersistentLevel.EikoMainLevel' with GeneratedClass '/Game/EikoMainLevel.EikoMainLevel_C' with ClassGeneratedBy '/Game/EikoMainLevel.EikoMainLevel:PersistentLevel.EikoMainLevel'
[2018.10.06-20.57.14:467][439]LogPlayLevel: PlayLevel: No blueprints needed recompiling
[2018.10.06-20.57.14:480][439]PIE: New page: PIE session: EikoMainLevel (Oct 6, 2018, 10:57:14 AM)
[2018.10.06-20.57.14:481][439]LogPlayLevel: Creating play world package: /Game/UEDPIE_0_EikoMainLevel
[2018.10.06-20.57.14:492][439]LogPlayLevel: PIE: StaticDuplicateObject took: (0.010868s)
[2018.10.06-20.57.14:492][439]LogAIModule: Creating AISystem for world EikoMainLevel
[2018.10.06-20.57.14:493][439]LogPlayLevel: PIE: World Init took: (0.001117s)
[2018.10.06-20.57.14:493][439]LogPlayLevel: PIE: Created PIE world by copying editor world from /Game/EikoMainLevel.EikoMainLevel to /Game/UEDPIE_0_EikoMainLevel.EikoMainLevel (0.012323s)
[2018.10.06-20.57.14:529][439]LogInit: XAudio2 using 'Speakers (Realtek High Definition Audio)' : 2 channels at 48 kHz using 32 bits per sample (channel mask 0x3)
[2018.10.06-20.57.14:548][439]LogInit: FAudioDevice initialized.
[2018.10.06-20.57.14:598][439]LogLinker: Warning: Can't find file '/Game/ThirdPersonBP/Blueprints/ThirdPersonGameMode'
[2018.10.06-20.57.14:598][439]LogLinker: Warning: Can't find file '/Game/ThirdPersonBP/Blueprints/ThirdPersonGameMode'
[2018.10.06-20.57.14:599][439]LogUObjectGlobals: Warning: Failed to find object 'Class /Game/ThirdPersonBP/Blueprints/ThirdPersonGameMode.ThirdPersonGameMode_C'
[2018.10.06-20.57.14:599][439]LogLoad: Game class is 'GameModeBase'
[2018.10.06-20.57.14:607][439]LogWorld: Bringing World /Game/UEDPIE_0_EikoMainLevel.EikoMainLevel up for play (max tick rate 60) at 2018.10.06-15.57.14
[2018.10.06-20.57.14:608][439]LogWorld: Bringing up level for play took: 0.007425
[2018.10.06-20.57.14:632][439]LogContentBrowser: Native class hierarchy updated for 'MovieSceneCapture' in 0.0004 seconds. Added 10 classes and 0 folders.
[2018.10.06-20.57.14:638][439]PIE: Play in editor start time for /Game/UEDPIE_0_EikoMainLevel -0.359
[2018.10.06-20.57.14:638][439]LogBlueprintUserMessages: Late PlayInEditor Detection: Level '/Game/EikoMainLevel.EikoMainLevel:PersistentLevel' has LevelScriptBlueprint '/Game/EikoMainLevel.EikoMainLevel:PersistentLevel.EikoMainLevel' with GeneratedClass '/Game/EikoMainLevel.EikoMainLevel_C' with ClassGeneratedBy '/Game/EikoMainLevel.EikoMainLevel:PersistentLevel.EikoMainLevel'
[2018.10.06-20.57.15:909][493]LogSlate: FSceneViewport::OnFocusLost() reason 0
[2018.10.06-20.57.19:832][670]LogBlueprintUserMessages: Early EndPlayMap Detection: Level '/Game/EikoMainLevel.EikoMainLevel:PersistentLevel' has LevelScriptBlueprint '/Game/EikoMainLevel.EikoMainLevel:PersistentLevel.EikoMainLevel' with GeneratedClass '/Game/EikoMainLevel.EikoMainLevel_C' with ClassGeneratedBy '/Game/EikoMainLevel.EikoMainLevel:PersistentLevel.EikoMainLevel'
[2018.10.06-20.57.19:832][670]LogSlate: Updating window title bar state: overlay mode, drag disabled, window buttons hidden, title bar hidden
[2018.10.06-20.57.19:889][670]LogPlayLevel: Display: Shutting down PIE online subsystems
[2018.10.06-20.57.19:889][670]LogBlueprintUserMessages: Late EndPlayMap Detection: Level '/Game/EikoMainLevel.EikoMainLevel:PersistentLevel' has LevelScriptBlueprint '/Game/EikoMainLevel.EikoMainLevel:PersistentLevel.EikoMainLevel' with GeneratedClass '/Game/EikoMainLevel.EikoMainLevel_C' with ClassGeneratedBy '/Game/EikoMainLevel.EikoMainLevel:PersistentLevel.EikoMainLevel'
[2018.10.06-20.57.19:921][670]LogSlate: Updating window title bar state: overlay mode, drag disabled, window buttons hidden, title bar hidden
[2018.10.06-20.57.19:969][671]LogPlayLevel: Display: Destroying online subsystem :Context_2
[2018.10.06-20.57.20:858][696]LogSlate: FSceneViewport::OnFocusLost() reason 0
[2018.10.06-20.57.20:929][698]LogTemp: Repeating last play command: Selected Viewport
[2018.10.06-20.57.20:965][698]LogBlueprintUserMessages: Early PlayInEditor Detection: Level '/Game/EikoMainLevel.EikoMainLevel:PersistentLevel' has LevelScriptBlueprint '/Game/EikoMainLevel.EikoMainLevel:PersistentLevel.EikoMainLevel' with GeneratedClass '/Game/EikoMainLevel.EikoMainLevel_C' with ClassGeneratedBy '/Game/EikoMainLevel.EikoMainLevel:PersistentLevel.EikoMainLevel'
[2018.10.06-20.57.20:966][698]LogPlayLevel: PlayLevel: No blueprints needed recompiling
[2018.10.06-20.57.20:966][698]PIE: New page: PIE session: EikoMainLevel (Oct 6, 2018, 10:57:20 AM)
[2018.10.06-20.57.20:966][698]LogPlayLevel: Creating play world package: /Game/UEDPIE_0_EikoMainLevel
[2018.10.06-20.57.20:976][698]LogPlayLevel: PIE: StaticDuplicateObject took: (0.010424s)
[2018.10.06-20.57.20:977][698]LogAIModule: Creating AISystem for world EikoMainLevel
[2018.10.06-20.57.20:978][698]LogPlayLevel: PIE: World Init took: (0.000987s)
[2018.10.06-20.57.20:978][698]LogPlayLevel: PIE: Created PIE world by copying editor world from /Game/EikoMainLevel.EikoMainLevel to /Game/UEDPIE_0_EikoMainLevel.EikoMainLevel (0.011666s)
[2018.10.06-20.57.21:012][698]LogInit: XAudio2 using 'Speakers (Realtek High Definition Audio)' : 2 channels at 48 kHz using 32 bits per sample (channel mask 0x3)
[2018.10.06-20.57.21:030][698]LogInit: FAudioDevice initialized.
[2018.10.06-20.57.21:067][698]LogLoad: Game class is 'GameModeBase'
[2018.10.06-20.57.21:075][698]LogWorld: Bringing World /Game/UEDPIE_0_EikoMainLevel.EikoMainLevel up for play (max tick rate 60) at 2018.10.06-15.57.21
[2018.10.06-20.57.21:075][698]LogWorld: Bringing up level for play took: 0.007492
[2018.10.06-20.57.21:095][698]PIE: Play in editor start time for /Game/UEDPIE_0_EikoMainLevel 0.099
[2018.10.06-20.57.21:096][698]LogBlueprintUserMessages: Late PlayInEditor Detection: Level '/Game/EikoMainLevel.EikoMainLevel:PersistentLevel' has LevelScriptBlueprint '/Game/EikoMainLevel.EikoMainLevel:PersistentLevel.EikoMainLevel' with GeneratedClass '/Game/EikoMainLevel.EikoMainLevel_C' with ClassGeneratedBy '/Game/EikoMainLevel.EikoMainLevel:PersistentLevel.EikoMainLevel'
[2018.10.06-20.57.22:634][764]LogSlate: FSceneViewport::OnFocusLost() reason 0
[2018.10.06-20.57.30:041][106]LogBlueprintUserMessages: Early EndPlayMap Detection: Level '/Game/EikoMainLevel.EikoMainLevel:PersistentLevel' has LevelScriptBlueprint '/Game/EikoMainLevel.EikoMainLevel:PersistentLevel.EikoMainLevel' with GeneratedClass '/Game/EikoMainLevel.EikoMainLevel_C' with ClassGeneratedBy '/Game/EikoMainLevel.EikoMainLevel:PersistentLevel.EikoMainLevel'
[2018.10.06-20.57.30:042][106]LogSlate: Updating window title bar state: overlay mode, drag disabled, window buttons hidden, title bar hidden
[2018.10.06-20.57.30:101][106]LogPlayLevel: Display: Shutting down PIE online subsystems
[2018.10.06-20.57.30:101][106]LogBlueprintUserMessages: Late EndPlayMap Detection: Level '/Game/EikoMainLevel.EikoMainLevel:PersistentLevel' has LevelScriptBlueprint '/Game/EikoMainLevel.EikoMainLevel:PersistentLevel.EikoMainLevel' with GeneratedClass '/Game/EikoMainLevel.EikoMainLevel_C' with ClassGeneratedBy '/Game/EikoMainLevel.EikoMainLevel:PersistentLevel.EikoMainLevel'
[2018.10.06-20.57.30:134][106]LogSlate: Updating window title bar state: overlay mode, drag disabled, window buttons hidden, title bar hidden
[2018.10.06-20.57.30:177][107]LogPlayLevel: Display: Destroying online subsystem :Context_3
[2018.10.06-20.57.33:886][229]LogSlate: FSceneViewport::OnFocusLost() reason 0
[2018.10.06-20.57.56:964][954]LogMetaData: Removing '/Game/Menus/StoryMode/IndividualText/AllPiecesCollected.AllPiecesCollected_C' ref from Metadata '/Game/Menus/StoryMode/AllPiecesCollected.PackageMetaData'
[2018.10.06-20.57.56:965][954]LogMetaData: Removing '/Game/Menus/StoryMode/IndividualText/AllPiecesCollected.SKEL_AllPiecesCollected_C:PreConstruct' ref from Metadata '/Game/Menus/StoryMode/AllPiecesCollected.PackageMetaData'
[2018.10.06-20.57.56:965][954]LogMetaData: Removing '/Game/Menus/StoryMode/IndividualText/AllPiecesCollected.SKEL_AllPiecesCollected_C:Construct' ref from Metadata '/Game/Menus/StoryMode/AllPiecesCollected.PackageMetaData'
[2018.10.06-20.57.56:965][954]LogMetaData: Removing '/Game/Menus/StoryMode/IndividualText/AllPiecesCollected.SKEL_AllPiecesCollected_C:Tick' ref from Metadata '/Game/Menus/StoryMode/AllPiecesCollected.PackageMetaData'
[2018.10.06-20.57.56:965][954]LogMetaData: Removing '/Game/Menus/StoryMode/IndividualText/AllPiecesCollected.SKEL_AllPiecesCollected_C' ref from Metadata '/Game/Menus/StoryMode/AllPiecesCollected.PackageMetaData'
[2018.10.06-20.57.57:047][954]LogSavePackage: Moving 'F:/My Documents/GitHub/EikoFotM/Eiko/Saved/AllPiecesCollected115969084CF169FE4A69A5A831D0208C.tmp' to 'F:/My Documents/GitHub/EikoFotM/Eiko/Content/Menus/StoryMode/IndividualText/AllPiecesCollected.uasset'
[2018.10.06-20.58.06:017][208]LogMetaData: Removing '/Game/Menus/StoryMode/IndividualText/storySection02.storySection02_C' ref from Metadata '/Game/Menus/StoryMode/storySection02.PackageMetaData'
[2018.10.06-20.58.06:017][208]LogMetaData: Removing '/Game/Menus/StoryMode/IndividualText/storySection02.SKEL_storySection02_C:PreConstruct' ref from Metadata '/Game/Menus/StoryMode/storySection02.PackageMetaData'
[2018.10.06-20.58.06:017][208]LogMetaData: Removing '/Game/Menus/StoryMode/IndividualText/storySection02.SKEL_storySection02_C:Construct' ref from Metadata '/Game/Menus/StoryMode/storySection02.PackageMetaData'
[2018.10.06-20.58.06:017][208]LogMetaData: Removing '/Game/Menus/StoryMode/IndividualText/storySection02.SKEL_storySection02_C:Tick' ref from Metadata '/Game/Menus/StoryMode/storySection02.PackageMetaData'
[2018.10.06-20.58.06:017][208]LogMetaData: Removing '/Game/Menus/StoryMode/IndividualText/storySection02.SKEL_storySection02_C' ref from Metadata '/Game/Menus/StoryMode/storySection02.PackageMetaData'
[2018.10.06-20.58.06:071][208]LogMetaData: Removing '/Game/Menus/StoryMode/IndividualText/storySection03.storySection03_C' ref from Metadata '/Game/Menus/StoryMode/storySection03.PackageMetaData'
[2018.10.06-20.58.06:071][208]LogMetaData: Removing '/Game/Menus/StoryMode/IndividualText/storySection03.SKEL_storySection03_C:PreConstruct' ref from Metadata '/Game/Menus/StoryMode/storySection03.PackageMetaData'
[2018.10.06-20.58.06:071][208]LogMetaData: Removing '/Game/Menus/StoryMode/IndividualText/storySection03.SKEL_storySection03_C:Construct' ref from Metadata '/Game/Menus/StoryMode/storySection03.PackageMetaData'
[2018.10.06-20.58.06:071][208]LogMetaData: Removing '/Game/Menus/StoryMode/IndividualText/storySection03.SKEL_storySection03_C:Tick' ref from Metadata '/Game/Menus/StoryMode/storySection03.PackageMetaData'
[2018.10.06-20.58.06:071][208]LogMetaData: Removing '/Game/Menus/StoryMode/IndividualText/storySection03.SKEL_storySection03_C' ref from Metadata '/Game/Menus/StoryMode/storySection03.PackageMetaData'
[2018.10.06-20.58.06:096][208]LogMetaData: Removing '/Game/Menus/StoryMode/IndividualText/storySection04.storySection04_C' ref from Metadata '/Game/Menus/StoryMode/storySection04.PackageMetaData'
[2018.10.06-20.58.06:096][208]LogMetaData: Removing '/Game/Menus/StoryMode/IndividualText/storySection04.SKEL_storySection04_C:PreConstruct' ref from Metadata '/Game/Menus/StoryMode/storySection04.PackageMetaData'
[2018.10.06-20.58.06:096][208]LogMetaData: Removing '/Game/Menus/StoryMode/IndividualText/storySection04.SKEL_storySection04_C:Construct' ref from Metadata '/Game/Menus/StoryMode/storySection04.PackageMetaData'
[2018.10.06-20.58.06:096][208]LogMetaData: Removing '/Game/Menus/StoryMode/IndividualText/storySection04.SKEL_storySection04_C:Tick' ref from Metadata '/Game/Menus/StoryMode/storySection04.PackageMetaData'
[2018.10.06-20.58.06:096][208]LogMetaData: Removing '/Game/Menus/StoryMode/IndividualText/storySection04.SKEL_storySection04_C' ref from Metadata '/Game/Menus/StoryMode/storySection04.PackageMetaData'
[2018.10.06-20.58.06:118][208]LogMetaData: Removing '/Game/Menus/StoryMode/IndividualText/storySection05.storySection05_C' ref from Metadata '/Game/Menus/StoryMode/storySection05.PackageMetaData'
[2018.10.06-20.58.06:119][208]LogMetaData: Removing '/Game/Menus/StoryMode/IndividualText/storySection05.SKEL_storySection05_C:PreConstruct' ref from Metadata '/Game/Menus/StoryMode/storySection05.PackageMetaData'
[2018.10.06-20.58.06:119][208]LogMetaData: Removing '/Game/Menus/StoryMode/IndividualText/storySection05.SKEL_storySection05_C:Construct' ref from Metadata '/Game/Menus/StoryMode/storySection05.PackageMetaData'
[2018.10.06-20.58.06:119][208]LogMetaData: Removing '/Game/Menus/StoryMode/IndividualText/storySection05.SKEL_storySection05_C:Tick' ref from Metadata '/Game/Menus/StoryMode/storySection05.PackageMetaData'
[2018.10.06-20.58.06:119][208]LogMetaData: Removing '/Game/Menus/StoryMode/IndividualText/storySection05.SKEL_storySection05_C' ref from Metadata '/Game/Menus/StoryMode/storySection05.PackageMetaData'
[2018.10.06-20.58.06:142][208]LogMetaData: Removing '/Game/Menus/StoryMode/IndividualText/storyWelcome.storyWelcome_C' ref from Metadata '/Game/Menus/StoryMode/storyWelcome.PackageMetaData'
[2018.10.06-20.58.06:142][208]LogMetaData: Removing '/Game/Menus/StoryMode/IndividualText/storyWelcome.SKEL_storyWelcome_C' ref from Metadata '/Game/Menus/StoryMode/storyWelcome.PackageMetaData'
[2018.10.06-20.58.06:164][208]Cmd: OBJ SAVEPACKAGE PACKAGE="/Game/Menus/StoryMode/IndividualText/storySection02" FILE="F:/My Documents/GitHub/EikoFotM/Eiko/Content/Menus/StoryMode/IndividualText/storySection02.uasset" SILENT=true
[2018.10.06-20.58.06:186][208]LogSavePackage: Moving 'F:/My Documents/GitHub/EikoFotM/Eiko/Saved/storySection02357D9E644C94C58A2B9A2595D4A4F0A3.tmp' to 'F:/My Documents/GitHub/EikoFotM/Eiko/Content/Menus/StoryMode/IndividualText/storySection02.uasset'
[2018.10.06-20.58.06:202][208]Cmd: OBJ SAVEPACKAGE PACKAGE="/Game/Menus/StoryMode/IndividualText/storySection03" FILE="F:/My Documents/GitHub/EikoFotM/Eiko/Content/Menus/StoryMode/IndividualText/storySection03.uasset" SILENT=true
[2018.10.06-20.58.06:231][208]LogSavePackage: Moving 'F:/My Documents/GitHub/EikoFotM/Eiko/Saved/storySection0309764A8E4C251C607371CE871A6F1C02.tmp' to 'F:/My Documents/GitHub/EikoFotM/Eiko/Content/Menus/StoryMode/IndividualText/storySection03.uasset'
[2018.10.06-20.58.06:251][208]Cmd: OBJ SAVEPACKAGE PACKAGE="/Game/Menus/StoryMode/IndividualText/storySection04" FILE="F:/My Documents/GitHub/EikoFotM/Eiko/Content/Menus/StoryMode/IndividualText/storySection04.uasset" SILENT=true
[2018.10.06-20.58.06:274][208]LogSavePackage: Moving 'F:/My Documents/GitHub/EikoFotM/Eiko/Saved/storySection04F903432647C07CE71C8ED290C3B27FE8.tmp' to 'F:/My Documents/GitHub/EikoFotM/Eiko/Content/Menus/StoryMode/IndividualText/storySection04.uasset'
[2018.10.06-20.58.06:292][208]Cmd: OBJ SAVEPACKAGE PACKAGE="/Game/Menus/StoryMode/IndividualText/storySection05" FILE="F:/My Documents/GitHub/EikoFotM/Eiko/Content/Menus/StoryMode/IndividualText/storySection05.uasset" SILENT=true
[2018.10.06-20.58.06:360][208]LogSavePackage: Moving 'F:/My Documents/GitHub/EikoFotM/Eiko/Saved/storySection05D289D35F4F63FBE716BB628E520B2457.tmp' to 'F:/My Documents/GitHub/EikoFotM/Eiko/Content/Menus/StoryMode/IndividualText/storySection05.uasset'
[2018.10.06-20.58.06:380][208]Cmd: OBJ SAVEPACKAGE PACKAGE="/Game/Menus/StoryMode/IndividualText/storyWelcome" FILE="F:/My Documents/GitHub/EikoFotM/Eiko/Content/Menus/StoryMode/IndividualText/storyWelcome.uasset" SILENT=true
[2018.10.06-20.58.06:397][208]LogSavePackage: Moving 'F:/My Documents/GitHub/EikoFotM/Eiko/Saved/storyWelcome15E4938A4D354F403B875D883CB90D95.tmp' to 'F:/My Documents/GitHub/EikoFotM/Eiko/Content/Menus/StoryMode/IndividualText/storyWelcome.uasset'
[2018.10.06-20.58.34:121][ 53]LogLinker: Warning: Can't find file '/Game/EikoPlayerCharacterBP/Blueprints/EikoPlayerCharacter'
[2018.10.06-20.58.34:121][ 53]LogLinker: Warning: Can't find file for asset '/Game/EikoPlayerCharacterBP/Blueprints/EikoPlayerCharacter' while loading F:/My Documents/GitHub/EikoFotM/Eiko/Content/ThirdPersonBP/Blueprints/ThirdPersonCharacter_C_what.uasset.
[2018.10.06-20.58.34:121][ 53]LoadErrors: Error: /Game/ThirdPersonBP/Blueprints/ThirdPersonCharacter_C_what : Can't find file for asset. /Game/EikoPlayerCharacterBP/Blueprints/EikoPlayerCharacter
[2018.10.06-20.58.34:123][ 53]LogLinker: Warning: Can't find file '/Game/EikoPlayerCharacterBP/Blueprints/EikoPlayerCharacter'
[2018.10.06-20.58.34:124][ 53]LogLinker: Warning: Can't find file for asset '/Game/EikoPlayerCharacterBP/Blueprints/EikoPlayerCharacter' while loading F:/My Documents/GitHub/EikoFotM/Eiko/Content/ThirdPersonBP/Blueprints/ThirdPersonCharacter_C_what.uasset.
[2018.10.06-20.58.34:126][ 53]LogLinker: Warning: Can't find file '/Game/EikoPlayerCharacterBP/Blueprints/EikoPlayerCharacter'
[2018.10.06-20.58.34:126][ 53]LoadErrors: Failed to load /Game/EikoPlayerCharacterBP/Blueprints/EikoPlayerCharacter.EikoPlayerCharacter_C Referenced by ThirdPersonCharacter_C
[2018.10.06-20.58.34:127][ 53]LogLinker: Warning: Can't find file for asset '/Game/EikoPlayerCharacterBP/Blueprints/EikoPlayerCharacter' while loading NULL.
[2018.10.06-20.58.34:133][ 53]LogLinker: Warning: Can't find file '/Game/EikoPlayerCharacterBP/Blueprints/EikoPlayerCharacter'
[2018.10.06-20.58.34:134][ 53]LogLinker: Warning: Can't find file for asset '/Game/EikoPlayerCharacterBP/Blueprints/EikoPlayerCharacter' while loading F:/My Documents/GitHub/EikoFotM/Eiko/Content/ThirdPersonBP/Blueprints/ThirdPersonCharacter_umm.uasset.
[2018.10.06-20.58.34:134][ 53]LoadErrors: Error: /Game/ThirdPersonBP/Blueprints/ThirdPersonCharacter_umm : Can't find file for asset. /Game/EikoPlayerCharacterBP/Blueprints/EikoPlayerCharacter
[2018.10.06-20.58.34:135][ 53]LogLinker: Warning: Can't find file '/Game/EikoPlayerCharacterBP/Blueprints/EikoPlayerCharacter'
[2018.10.06-20.58.34:136][ 53]LogLinker: Warning: Can't find file for asset '/Game/EikoPlayerCharacterBP/Blueprints/EikoPlayerCharacter' while loading F:/My Documents/GitHub/EikoFotM/Eiko/Content/ThirdPersonBP/Blueprints/ThirdPersonCharacter_umm.uasset.
[2018.10.06-20.58.34:137][ 53]LogLinker: Warning: Can't find file '/Game/EikoPlayerCharacterBP/Blueprints/EikoPlayerCharacter'
[2018.10.06-20.58.34:138][ 53]LoadErrors: Failed to load /Game/EikoPlayerCharacterBP/Blueprints/EikoPlayerCharacter.EikoPlayerCharacter Referenced by ThirdPersonCharacter
[2018.10.06-20.58.34:138][ 53]LogLinker: Warning: Can't find file for asset '/Game/EikoPlayerCharacterBP/Blueprints/EikoPlayerCharacter' while loading NULL.
[2018.10.06-20.58.40:690][ 53]LogSlate: Window 'Delete Assets' being destroyed
[2018.10.06-20.59.02:835][265]LogSlate: Window 'Eiko - Unreal Editor' being destroyed
[2018.10.06-20.59.02:837][265]LogWindowsTextInputMethodSystem: Display: IME system now deactivated.
[2018.10.06-20.59.03:063][266]Cmd: QUIT_EDITOR
[2018.10.06-20.59.03:898][266]LogExit: Preparing to exit.
[2018.10.06-20.59.04:275][266]LogExit: Editor shut down
[2018.10.06-20.59.04:276][266]LogExit: Transaction tracking system shut down
[2018.10.06-20.59.05:003][266]LogExit: Object subsystem successfully closed.
[2018.10.06-20.59.05:029][266]LogShaderCompilers: Display: Shaders left to compile 0
[2018.10.06-20.59.05:036][266]LogD3D11RHI: Shutdown
[2018.10.06-20.59.05:037][266]LogD3D11RHI: CleanupD3DDevice
[2018.10.06-20.59.05:038][266]LogD3D11RHI: ~FD3D11DynamicRHI
[2018.10.06-20.59.05:095][266]LogModuleManager: Shutting down and abandoning module MovieSceneCapture (614)
[2018.10.06-20.59.05:095][266]LogModuleManager: Shutting down and abandoning module Voice (612)
[2018.10.06-20.59.05:096][266]LogModuleManager: Shutting down and abandoning module HierarchicalLODOutliner (610)
[2018.10.06-20.59.05:096][266]LogModuleManager: Shutting down and abandoning module SceneOutliner (608)
[2018.10.06-20.59.05:096][266]LogModuleManager: Shutting down and abandoning module AddContentDialog (606)
[2018.10.06-20.59.05:096][266]LogModuleManager: Shutting down and abandoning module WidgetCarousel (605)
[2018.10.06-20.59.05:096][266]LogModuleManager: Shutting down and abandoning module EditorWidgets (602)
[2018.10.06-20.59.05:096][266]LogModuleManager: Shutting down and abandoning module CollectionManager (600)
[2018.10.06-20.59.05:097][266]LogModuleManager: Shutting down and abandoning module StatsViewer (598)
[2018.10.06-20.59.05:097][266]LogModuleManager: Shutting down and abandoning module FoliageEdit (596)
[2018.10.06-20.59.05:097][266]LogModuleManager: Shutting down and abandoning module LandscapeEditor (594)
[2018.10.06-20.59.05:097][266]LogModuleManager: Shutting down and abandoning module MeshPaintMode (592)
[2018.10.06-20.59.05:097][266]LogModuleManager: Shutting down and abandoning module SceneDepthPickerMode (590)
[2018.10.06-20.59.05:097][266]LogModuleManager: Shutting down and abandoning module ActorPickerMode (588)
[2018.10.06-20.59.05:097][266]LogModuleManager: Shutting down and abandoning module GeometryMode (586)
[2018.10.06-20.59.05:097][266]LogModuleManager: Shutting down and abandoning module TextureAlignMode (584)
[2018.10.06-20.59.05:097][266]LogModuleManager: Shutting down and abandoning module BspMode (582)
[2018.10.06-20.59.05:097][266]LogModuleManager: Shutting down and abandoning module PIEPreviewDeviceProfileSelector (580)
[2018.10.06-20.59.05:097][266]LogModuleManager: Shutting down and abandoning module SequenceRecorderSections (578)
[2018.10.06-20.59.05:097][266]LogModuleManager: Shutting down and abandoning module AutomationWorker (576)
[2018.10.06-20.59.05:097][266]LogModuleManager: Shutting down and abandoning module AudioCaptureEditor (574)
[2018.10.06-20.59.05:097][266]LogModuleManager: Shutting down and abandoning module SequenceRecorder (573)
[2018.10.06-20.59.05:097][266]LogModuleManager: Shutting down and abandoning module MatineeToLevelSequence (570)
[2018.10.06-20.59.05:097][266]LogModuleManager: Shutting down and abandoning module LevelSequenceEditor (568)
[2018.10.06-20.59.05:097][266]LogModuleManager: Shutting down and abandoning module PlacementMode (567)
[2018.10.06-20.59.05:097][266]LogModuleManager: Shutting down and abandoning module MaterialEditor (566)
[2018.10.06-20.59.05:098][266]LogModuleManager: Shutting down and abandoning module WmfMediaFactory (562)
[2018.10.06-20.59.05:098][266]LogModuleManager: Shutting down and abandoning module WmfMediaEditor (560)
[2018.10.06-20.59.05:098][266]LogModuleManager: Shutting down and abandoning module MediaPlayerEditor (558)
[2018.10.06-20.59.05:098][266]LogModuleManager: Shutting down and abandoning module OpenExrWrapper (556)
[2018.10.06-20.59.05:098][266]LogModuleManager: Shutting down and abandoning module ImgMediaFactory (554)
[2018.10.06-20.59.05:098][266]LogModuleManager: Shutting down and abandoning module ImgMediaEditor (552)
[2018.10.06-20.59.05:098][266]LogModuleManager: Shutting down and abandoning module AvfMediaFactory (550)
[2018.10.06-20.59.05:098][266]LogModuleManager: Shutting down and abandoning module AvfMediaEditor (548)
[2018.10.06-20.59.05:098][266]LogModuleManager: Shutting down and abandoning module AndroidMediaFactory (546)
[2018.10.06-20.59.05:098][266]LogModuleManager: Shutting down and abandoning module AndroidMediaEditor (544)
[2018.10.06-20.59.05:098][266]LogModuleManager: Shutting down and abandoning module MagicLeapCameraPreviewFactory (542)
[2018.10.06-20.59.05:098][266]LogModuleManager: Shutting down and abandoning module MagicLeapMediaFactory (540)
[2018.10.06-20.59.05:098][266]LogModuleManager: Shutting down and abandoning module MagicLeapMediaEditor (538)
[2018.10.06-20.59.05:098][266]LogModuleManager: Shutting down and abandoning module CharacterAI (536)
[2018.10.06-20.59.05:098][266]LogModuleManager: Shutting down and abandoning module SmartSnapping (534)
[2018.10.06-20.59.05:098][266]LogModuleManager: Shutting down and abandoning module SessionServices (532)
[2018.10.06-20.59.05:098][266]LogModuleManager: Shutting down and abandoning module ViewportSnapping (530)
[2018.10.06-20.59.05:098][266]LogModuleManager: Shutting down and abandoning module ViewportInteraction (528)
[2018.10.06-20.59.05:098][266]LogModuleManager: Shutting down and abandoning module ClothPainter (526)
[2018.10.06-20.59.05:098][266]LogModuleManager: Shutting down and abandoning module SkeletalMeshEditor (525)
[2018.10.06-20.59.05:098][266]LogModuleManager: Shutting down and abandoning module LogVisualizer (522)
[2018.10.06-20.59.05:098][266]LogModuleManager: Shutting down and abandoning module IntroTutorials (520)
[2018.10.06-20.59.05:098][266]LogModuleManager: Shutting down and abandoning module GameProjectGeneration (519)
[2018.10.06-20.59.05:098][266]LogModuleManager: Shutting down and abandoning module LuminPlatformEditor (516)
[2018.10.06-20.59.05:099][266]LogModuleManager: Shutting down and abandoning module IOSPlatformEditor (514)
[2018.10.06-20.59.05:099][266]LogModuleManager: Shutting down and abandoning module HTML5PlatformEditor (512)
[2018.10.06-20.59.05:099][266]LogModuleManager: Shutting down and abandoning module AndroidPlatformEditor (510)
[2018.10.06-20.59.05:099][266]LogModuleManager: Shutting down and abandoning module AndroidDeviceDetection (509)
[2018.10.06-20.59.05:932][266]LogModuleManager: Shutting down and abandoning module WindowsPlatformEditor (506)
[2018.10.06-20.59.05:933][266]LogModuleManager: Shutting down and abandoning module LuminRuntimeSettings (504)
[2018.10.06-20.59.05:933][266]LogModuleManager: Shutting down and abandoning module IOSRuntimeSettings (502)
[2018.10.06-20.59.05:933][266]LogModuleManager: Shutting down and abandoning module AndroidRuntimeSettings (500)
[2018.10.06-20.59.05:933][266]LogModuleManager: Shutting down and abandoning module InputBindingEditor (498)
[2018.10.06-20.59.05:933][266]LogModuleManager: Shutting down and abandoning module MergeActors (496)
[2018.10.06-20.59.05:933][266]LogModuleManager: Shutting down and abandoning module LocalizationDashboard (494)
[2018.10.06-20.59.05:933][266]LogModuleManager: Shutting down and abandoning module LocalizationService (493)
[2018.10.06-20.59.05:934][266]LogModuleManager: Shutting down and abandoning module HardwareTargeting (490)
[2018.10.06-20.59.05:934][266]LogModuleManager: Shutting down and abandoning module DeviceProfileEditor (488)
[2018.10.06-20.59.05:934][266]LogModuleManager: Shutting down and abandoning module UndoHistory (486)
[2018.10.06-20.59.05:934][266]LogModuleManager: Shutting down and abandoning module XmlParser (484)
[2018.10.06-20.59.05:934][266]LogModuleManager: Shutting down and abandoning module Blutility (482)
[2018.10.06-20.59.05:934][266]LogModuleManager: Shutting down and abandoning module ProjectSettingsViewer (480)
[2018.10.06-20.59.05:934][266]LogModuleManager: Shutting down and abandoning module ProjectTargetPlatformEditor (479)
[2018.10.06-20.59.05:935][266]LogModuleManager: Shutting down and abandoning module EditorSettingsViewer (476)
[2018.10.06-20.59.05:935][266]LogModuleManager: Shutting down and abandoning module SettingsEditor (474)
[2018.10.06-20.59.05:935][266]LogModuleManager: Shutting down and abandoning module ProjectLauncher (472)
[2018.10.06-20.59.05:935][266]LogModuleManager: Shutting down and abandoning module SessionFrontend (470)
[2018.10.06-20.59.05:935][266]LogModuleManager: Shutting down and abandoning module ProfilerClient (468)
[2018.10.06-20.59.05:935][266]LogModuleManager: Shutting down and abandoning module DeviceManager (466)
[2018.10.06-20.59.05:936][266]LogModuleManager: Shutting down and abandoning module TargetDeviceServices (465)
[2018.10.06-20.59.05:992][266]LogModuleManager: Shutting down and abandoning module AutomationController (462)
[2018.10.06-20.59.05:992][266]LogModuleManager: Shutting down and abandoning module AutomationWindow (460)
[2018.10.06-20.59.05:992][266]LogModuleManager: Shutting down and abandoning module Layers (458)
[2018.10.06-20.59.05:992][266]LogModuleManager: Shutting down and abandoning module ComponentVisualizers (456)
[2018.10.06-20.59.05:992][266]LogModuleManager: Shutting down and abandoning module DetailCustomizations (454)
[2018.10.06-20.59.05:993][266]LogModuleManager: Shutting down and abandoning module PackagesDialog (452)
[2018.10.06-20.59.05:993][266]LogModuleManager: Shutting down and abandoning module Persona (450)
[2018.10.06-20.59.05:993][266]LogModuleManager: Shutting down and abandoning module AdvancedPreviewScene (449)
[2018.10.06-20.59.05:993][266]LogModuleManager: Shutting down and abandoning module AnimGraph (447)
[2018.10.06-20.59.05:993][266]LogModuleManager: Shutting down and abandoning module Kismet (444)
[2018.10.06-20.59.05:995][266]LogModuleManager: Shutting down and abandoning module GraphEditor (442)
[2018.10.06-20.59.05:995][266]LogModuleManager: Shutting down and abandoning module ClassViewer (440)
[2018.10.06-20.59.05:995][266]LogModuleManager: Shutting down and abandoning module Toolbox (438)
[2018.10.06-20.59.05:995][266]LogModuleManager: Shutting down and abandoning module ModuleUI (436)
[2018.10.06-20.59.05:995][266]LogModuleManager: Shutting down and abandoning module MovieSceneTools (434)
[2018.10.06-20.59.05:996][266]LogModuleManager: Shutting down and abandoning module OutputLog (432)
[2018.10.06-20.59.05:996][266]LogModuleManager: Shutting down and abandoning module GammaUI (430)
[2018.10.06-20.59.05:996][266]LogModuleManager: Shutting down and abandoning module Documentation (428)
[2018.10.06-20.59.05:996][266]LogModuleManager: Shutting down and abandoning module MovieSceneTracks (426)
[2018.10.06-20.59.05:996][266]LogModuleManager: Shutting down and abandoning module MovieScene (424)
[2018.10.06-20.59.05:997][266]LogModuleManager: Shutting down and abandoning module StreamingPauseRendering (422)
[2018.10.06-20.59.05:997][266]LogModuleManager: Shutting down and abandoning module LauncherPlatform (420)
[2018.10.06-20.59.05:997][266]LogModuleManager: Shutting down and abandoning module AnalyticsET (418)
[2018.10.06-20.59.05:997][266]LogModuleManager: Shutting down and abandoning module PortalServices (416)
[2018.10.06-20.59.05:998][266]LogModuleManager: Shutting down and abandoning module PortalRpc (414)
[2018.10.06-20.59.05:998][266]LogModuleManager: Shutting down and abandoning module MessagingRpc (412)
[2018.10.06-20.59.05:998][266]LogModuleManager: Shutting down and abandoning module AIModule (410)
[2018.10.06-20.59.05:998][266]LogModuleManager: Shutting down and abandoning module GameplayDebugger (409)
[2018.10.06-20.59.05:999][266]LogModuleManager: Shutting down and abandoning module AITestSuite (407)
[2018.10.06-20.59.05:999][266]LogModuleManager: Shutting down and abandoning module NavigationSystem (405)
[2018.10.06-20.59.05:999][266]LogModuleManager: Shutting down and abandoning module DesktopPlatform (402)
[2018.10.06-20.59.05:999][266]LogModuleManager: Shutting down and abandoning module ProfilerService (400)
[2018.10.06-20.59.06:057][266]LogModuleManager: Shutting down and abandoning module TaskGraph (398)
[2018.10.06-20.59.06:058][266]LogModuleManager: Shutting down and abandoning module SteamVRController (396)
[2018.10.06-20.59.06:058][266]LogModuleManager: Shutting down and abandoning module ProceduralMeshComponentEditor (394)
[2018.10.06-20.59.06:058][266]LogModuleManager: Shutting down and abandoning module ProceduralMeshComponent (392)
[2018.10.06-20.59.06:058][266]LogModuleManager: Shutting down and abandoning module OculusInput (390)
[2018.10.06-20.59.06:058][266]LogModuleManager: Shutting down and abandoning module MobilePatchingUtils (388)
[2018.10.06-20.59.06:058][266]LogModuleManager: Shutting down and abandoning module EditableMesh (386)
[2018.10.06-20.59.06:058][266]LogModuleManager: Shutting down and abandoning module CustomMeshComponent (384)
[2018.10.06-20.59.06:058][266]LogModuleManager: Shutting down and abandoning module CableComponent (382)
[2018.10.06-20.59.06:058][266]LogModuleManager: Shutting down and abandoning module AudioCapture (380)
[2018.10.06-20.59.06:059][266]LogModuleManager: Shutting down and abandoning module ArchVisCharacter (378)
[2018.10.06-20.59.06:059][266]LogModuleManager: Shutting down and abandoning module AndroidPermission (376)
[2018.10.06-20.59.06:059][266]LogModuleManager: Shutting down and abandoning module NUTUnrealEngine4 (374)
[2018.10.06-20.59.06:059][266]LogModuleManager: Shutting down and abandoning module NetcodeUnitTest (372)
[2018.10.06-20.59.06:059][266]LogModuleManager: Shutting down and abandoning module MediaCompositingEditor (370)
[2018.10.06-20.59.06:059][266]LogModuleManager: Shutting down and abandoning module MediaCompositing (368)
[2018.10.06-20.59.06:059][266]LogModuleManager: Shutting down and abandoning module LinearTimecode (366)
[2018.10.06-20.59.06:059][266]LogModuleManager: Shutting down and abandoning module ImgMedia (364)
[2018.10.06-20.59.06:070][266]LogModuleManager: Shutting down and abandoning module HTML5Networking (362)
[2018.10.06-20.59.06:071][266]LogModuleManager: Shutting down and abandoning module GeometryCacheTracks (360)
[2018.10.06-20.59.06:071][266]LogModuleManager: Shutting down and abandoning module GeometryCacheSequencer (358)
[2018.10.06-20.59.06:071][266]LogModuleManager: Shutting down and abandoning module BackChannel (356)
[2018.10.06-20.59.06:071][266]LogModuleManager: Shutting down and abandoning module AppleVision (354)
[2018.10.06-20.59.06:071][266]LogModuleManager: Shutting down and abandoning module AppleImageUtils (352)
[2018.10.06-20.59.06:071][266]LogModuleManager: Shutting down and abandoning module AlembicImporter (350)
[2018.10.06-20.59.06:071][266]LogModuleManager: Shutting down and abandoning module AlembicLibrary (349)
[2018.10.06-20.59.06:071][266]LogModuleManager: Shutting down and abandoning module GeometryCache (348)
[2018.10.06-20.59.06:071][266]LogModuleManager: Shutting down and abandoning module GeometryCacheEd (347)
[2018.10.06-20.59.06:071][266]LogModuleManager: Shutting down and abandoning module DatasmithContentEditor (342)
[2018.10.06-20.59.06:072][266]LogModuleManager: Shutting down and abandoning module DatasmithContent (340)
[2018.10.06-20.59.06:075][266]LogModuleManager: Shutting down and abandoning module SpeedTreeImporter (338)
[2018.10.06-20.59.06:075][266]LogModuleManager: Shutting down and abandoning module PluginBrowser (336)
[2018.10.06-20.59.06:075][266]LogModuleManager: Shutting down and abandoning module MobileLauncherProfileWizard (334)
[2018.10.06-20.59.06:076][266]LogModuleManager: Shutting down and abandoning module PolygonModeling (332)
[2018.10.06-20.59.06:076][266]LogModuleManager: Shutting down and abandoning module MeshEditor (330)
[2018.10.06-20.59.06:076][266]LogModuleManager: Shutting down and abandoning module CryptoKeysOpenSSL (328)
[2018.10.06-20.59.06:076][266]LogModuleManager: Shutting down and abandoning module CryptoKeys (326)
[2018.10.06-20.59.06:076][266]LogModuleManager: Shutting down and abandoning module VisualStudioSourceCodeAccess (324)
[2018.10.06-20.59.06:076][266]LogModuleManager: Shutting down and abandoning module VisualStudioCodeSourceCodeAccess (322)
[2018.10.06-20.59.06:077][266]LogModuleManager: Shutting down and abandoning module UObjectPlugin (320)
[2018.10.06-20.59.06:077][266]LogModuleManager: Shutting down and abandoning module SubversionSourceControl (318)
[2018.10.06-20.59.06:077][266]LogModuleManager: Shutting down and abandoning module PerforceSourceControl (316)
[2018.10.06-20.59.06:077][266]LogModuleManager: Shutting down and abandoning module GitSourceControl (314)
[2018.10.06-20.59.06:077][266]LogModuleManager: Shutting down and abandoning module SourceControl (313)
[2018.10.06-20.59.06:077][266]LogModuleManager: Shutting down and abandoning module CLionSourceCodeAccess (310)
[2018.10.06-20.59.06:077][266]LogModuleManager: Shutting down and abandoning module LightPropagationVolumeEditor (308)
[2018.10.06-20.59.06:077][266]LogModuleManager: Shutting down and abandoning module PaperTiledImporter (306)
[2018.10.06-20.59.06:078][266]LogModuleManager: Shutting down and abandoning module PaperSpriteSheetImporter (304)
[2018.10.06-20.59.06:078][266]LogModuleManager: Shutting down and abandoning module Paper2DEditor (302)
[2018.10.06-20.59.06:078][266]LogModuleManager: Shutting down and abandoning module MeshPaint (301)
[2018.10.06-20.59.06:078][266]LogModuleManager: Shutting down and abandoning module RuntimePhysXCooking (298)
[2018.10.06-20.59.06:078][266]LogModuleManager: Shutting down and abandoning module PhysXVehiclesEditor (296)
[2018.10.06-20.59.06:078][266]LogModuleManager: Shutting down and abandoning module PhysXVehicles (294)
[2018.10.06-20.59.06:078][266]LogModuleManager: Shutting down and abandoning module OculusEditor (292)
[2018.10.06-20.59.06:079][266]LogModuleManager: Shutting down and abandoning module LocationServicesBPLibrary (290)
[2018.10.06-20.59.06:079][266]LogModuleManager: Shutting down and abandoning module ImmediatePhysicsEditor (288)
[2018.10.06-20.59.06:079][266]LogModuleManager: Shutting down and abandoning module ImmediatePhysics (286)
[2018.10.06-20.59.06:079][266]LogModuleManager: Shutting down and abandoning module ActorSequence (284)
[2018.10.06-20.59.06:079][266]LogModuleManager: Shutting down and abandoning module UdpMessaging (282)
[2018.10.06-20.59.06:180][266]LogModuleManager: Shutting down and abandoning module TcpMessaging (280)
[2018.10.06-20.59.06:281][266]LogModuleManager: Shutting down and abandoning module MagicLeapAudio (278)
[2018.10.06-20.59.06:281][266]LogModuleManager: Shutting down and abandoning module GameplayTagsEditor (276)
[2018.10.06-20.59.06:281][266]LogModuleManager: Shutting down and abandoning module FacialAnimationEditor (274)
[2018.10.06-20.59.06:281][266]LogModuleManager: Shutting down and abandoning module FacialAnimation (272)
[2018.10.06-20.59.06:282][266]LogModuleManager: Shutting down and abandoning module DataValidation (270)
[2018.10.06-20.59.06:282][266]LogModuleManager: Shutting down and abandoning module AssetManagerEditor (268)
[2018.10.06-20.59.06:282][266]LogModuleManager: Shutting down and abandoning module LevelEditor (267)
[2018.10.06-20.59.06:286][266]LogModuleManager: Shutting down and abandoning module PixelInspectorModule (266)
[2018.10.06-20.59.06:286][266]LogModuleManager: Shutting down and abandoning module CommonMenuExtensions (264)
[2018.10.06-20.59.06:287][266]LogModuleManager: Shutting down and abandoning module MainFrame (262)
[2018.10.06-20.59.06:288][266]LogModuleManager: Shutting down and abandoning module HotReload (261)
[2018.10.06-20.59.06:290][266]LogModuleManager: Shutting down and abandoning module ContentBrowser (257)
[2018.10.06-20.59.06:294][266]LogModuleManager: Shutting down and abandoning module TreeMap (255)
[2018.10.06-20.59.06:294][266]LogModuleManager: Shutting down and abandoning module LightPropagationVolumeRuntime (252)
[2018.10.06-20.59.06:294][266]LogModuleManager: Shutting down and abandoning module AISupportModule (250)
[2018.10.06-20.59.06:295][266]LogModuleManager: Shutting down and abandoning module Paper2D (248)
[2018.10.06-20.59.06:295][266]LogModuleManager: Shutting down and abandoning module WindowsMoviePlayer (246)
[2018.10.06-20.59.06:295][266]LogModuleManager: Shutting down and abandoning module WmfMedia (244)
[2018.10.06-20.59.06:299][266]LogModuleManager: Shutting down and abandoning module Media (243)
[2018.10.06-20.59.06:306][266]LogModuleManager: Shutting down and abandoning module PacketHandler (240)
[2018.10.06-20.59.06:307][266]LogModuleManager: Shutting down and abandoning module ClothingSystemEditor (238)
[2018.10.06-20.59.06:307][266]LogModuleManager: Shutting down and abandoning module ClothingSystemRuntime (236)
[2018.10.06-20.59.06:307][266]LogModuleManager: Shutting down and abandoning module MediaAssets (234)
[2018.10.06-20.59.06:307][266]LogModuleManager: Shutting down and abandoning module Overlay (232)
[2018.10.06-20.59.06:307][266]LogModuleManager: Shutting down and abandoning module OverlayEditor (231)
[2018.10.06-20.59.06:307][266]LogModuleManager: Shutting down and abandoning module VREditor (228)
[2018.10.06-20.59.06:307][266]LogModuleManager: Shutting down and abandoning module StringTableEditor (226)
[2018.10.06-20.59.06:307][266]LogModuleManager: Shutting down and abandoning module GameplayTasksEditor (224)
[2018.10.06-20.59.06:307][266]LogModuleManager: Shutting down and abandoning module BehaviorTreeEditor (222)
[2018.10.06-20.59.06:308][266]LogModuleManager: Shutting down and abandoning module FunctionalTesting (220)
[2018.10.06-20.59.06:308][266]LogModuleManager: Shutting down and abandoning module CollisionAnalyzer (218)
[2018.10.06-20.59.06:308][266]LogModuleManager: Shutting down and abandoning module WorkspaceMenuStructure (217)
[2018.10.06-20.59.06:308][266]LogModuleManager: Shutting down and abandoning module UMG (214)
[2018.10.06-20.59.06:308][266]LogModuleManager: Shutting down and abandoning module UMGEditor (213)
[2018.10.06-20.59.06:308][266]LogModuleManager: Shutting down and abandoning module Sequencer (212)
[2018.10.06-20.59.06:309][266]LogModuleManager: Shutting down and abandoning module MessageLog (209)
[2018.10.06-20.59.06:309][266]LogModuleManager: Shutting down and abandoning module SlateReflector (204)
[2018.10.06-20.59.06:309][266]LogModuleManager: Shutting down and abandoning module Slate (202)
[2018.10.06-20.59.06:309][266]LogModuleManager: Shutting down and abandoning module EditorStyle (200)
[2018.10.06-20.59.06:317][266]LogModuleManager: Shutting down and abandoning module MRMesh (198)
[2018.10.06-20.59.06:317][266]LogModuleManager: Shutting down and abandoning module SourceCodeAccess (196)
[2018.10.06-20.59.06:317][266]LogModuleManager: Shutting down and abandoning module HeadMountedDisplay (194)
[2018.10.06-20.59.06:318][266]LogModuleManager: Shutting down and abandoning module XAudio2 (192)
[2018.10.06-20.59.06:318][266]LogModuleManager: Shutting down and abandoning module Networking (190)
[2018.10.06-20.59.06:318][266]LogModuleManager: Shutting down and abandoning module Core (188)
[2018.10.06-20.59.06:318][266]LogModuleManager: Shutting down and abandoning module LevelSequence (186)
[2018.10.06-20.59.06:318][266]LogModuleManager: Shutting down and abandoning module KismetCompiler (184)
[2018.10.06-20.59.06:318][266]LogModuleManager: Shutting down and abandoning module MeshUtilities (182)
[2018.10.06-20.59.06:319][266]LogModuleManager: Shutting down and abandoning module MeshMergeUtilities (181)
[2018.10.06-20.59.06:319][266]LogModuleManager: Shutting down and abandoning module MeshReductionInterface (180)
[2018.10.06-20.59.06:319][266]LogModuleManager: Shutting down and abandoning module SimplygonSwarm (179)
[2018.10.06-20.59.06:319][266]LogModuleManager: Shutting down and abandoning module ProxyLODMeshReduction (177)
[2018.10.06-20.59.06:319][266]LogModuleManager: Shutting down and abandoning module SimplygonMeshReduction (175)
[2018.10.06-20.59.06:320][266]LogModuleManager: Shutting down and abandoning module QuadricMeshReduction (173)
[2018.10.06-20.59.06:320][266]LogModuleManager: Shutting down and abandoning module MaterialBaking (169)
[2018.10.06-20.59.06:320][266]LogModuleManager: Shutting down and abandoning module DirectoryWatcher (165)
[2018.10.06-20.59.06:320][266]LogModuleManager: Shutting down and abandoning module DerivedDataCache (162)
[2018.10.06-20.59.06:340][266]LogDerivedDataCache: Shutdown
[2018.10.06-20.59.06:340][266]LogModuleManager: Shutting down and abandoning module XGEController (160)
[2018.10.06-20.59.06:340][266]LogXGEController: Cleaning working directory: C:/Users/Elena/AppData/Local/Temp/UnrealXGEWorkingDir/
[2018.10.06-20.59.06:341][266]LogModuleManager: Shutting down and abandoning module TargetPlatform (158)
[2018.10.06-20.59.06:341][266]LogModuleManager: Shutting down and abandoning module VulkanShaderFormat (157)
[2018.10.06-20.59.06:341][266]LogModuleManager: Shutting down and abandoning module ShaderFormatVectorVM (155)
[2018.10.06-20.59.06:341][266]LogModuleManager: Shutting down and abandoning module ShaderFormatOpenGL (153)
[2018.10.06-20.59.06:342][266]LogModuleManager: Shutting down and abandoning module ShaderFormatD3D (151)
[2018.10.06-20.59.06:342][266]LogModuleManager: Shutting down and abandoning module MetalShaderFormat (149)
[2018.10.06-20.59.06:342][266]LogModuleManager: Shutting down and abandoning module TextureFormatUncompressed (147)
[2018.10.06-20.59.06:342][266]LogModuleManager: Shutting down and abandoning module TextureFormatPVR (145)
[2018.10.06-20.59.06:342][266]LogModuleManager: Shutting down and abandoning module TextureFormatDXT (143)
[2018.10.06-20.59.06:342][266]LogModuleManager: Shutting down and abandoning module TextureFormatIntelISPCTexComp (141)
[2018.10.06-20.59.06:342][266]LogModuleManager: Shutting down and abandoning module TextureFormatASTC (139)
[2018.10.06-20.59.06:343][266]LogModuleManager: Shutting down and abandoning module ImageWrapper (138)
[2018.10.06-20.59.06:343][266]LogModuleManager: Shutting down and abandoning module TextureFormatAndroid (135)
[2018.10.06-20.59.06:343][266]LogModuleManager: Shutting down and abandoning module AudioFormatOpus (133)
[2018.10.06-20.59.06:343][266]LogModuleManager: Shutting down and abandoning module AudioFormatOgg (131)
[2018.10.06-20.59.06:343][266]LogModuleManager: Shutting down and abandoning module AudioFormatADPCM (129)
[2018.10.06-20.59.06:343][266]LogModuleManager: Shutting down and abandoning module LuminTargetPlatform (127)
[2018.10.06-20.59.06:343][266]LogModuleManager: Shutting down and abandoning module LinuxTargetPlatform (125)
[2018.10.06-20.59.06:343][266]LogModuleManager: Shutting down and abandoning module LinuxServerTargetPlatform (123)
[2018.10.06-20.59.06:343][266]LogModuleManager: Shutting down and abandoning module LinuxNoEditorTargetPlatform (121)
[2018.10.06-20.59.06:343][266]LogModuleManager: Shutting down and abandoning module LinuxClientTargetPlatform (119)
[2018.10.06-20.59.06:344][266]LogModuleManager: Shutting down and abandoning module TVOSTargetPlatform (117)
[2018.10.06-20.59.06:346][266]LogModuleManager: Shutting down and abandoning module Messaging (115)
[2018.10.06-20.59.06:346][266]LogModuleManager: Shutting down and abandoning module IOSTargetPlatform (113)
[2018.10.06-20.59.06:354][266]LogModuleManager: Shutting down and abandoning module HTML5TargetPlatform (111)
[2018.10.06-20.59.06:355][266]LogModuleManager: Shutting down and abandoning module AndroidTargetPlatform (109)
[2018.10.06-20.59.06:379][266]LogModuleManager: Shutting down and abandoning module WindowsTargetPlatform (107)
[2018.10.06-20.59.06:379][266]LogModuleManager: Shutting down and abandoning module WindowsServerTargetPlatform (105)
[2018.10.06-20.59.06:379][266]LogModuleManager: Shutting down and abandoning module WindowsNoEditorTargetPlatform (103)
[2018.10.06-20.59.06:379][266]LogModuleManager: Shutting down and abandoning module WindowsClientTargetPlatform (101)
[2018.10.06-20.59.06:380][266]LogModuleManager: Shutting down and abandoning module MacTargetPlatform (99)
[2018.10.06-20.59.06:380][266]LogModuleManager: Shutting down and abandoning module MacServerTargetPlatform (97)
[2018.10.06-20.59.06:380][266]LogModuleManager: Shutting down and abandoning module MacNoEditorTargetPlatform (95)
[2018.10.06-20.59.06:380][266]LogModuleManager: Shutting down and abandoning module MacClientTargetPlatform (93)
[2018.10.06-20.59.06:380][266]LogModuleManager: Shutting down and abandoning module AllDesktopTargetPlatform (91)
[2018.10.06-20.59.06:380][266]LogModuleManager: Shutting down and abandoning module InputCore (88)
[2018.10.06-20.59.06:380][266]LogModuleManager: Shutting down and abandoning module Settings (86)
[2018.10.06-20.59.06:380][266]LogModuleManager: Shutting down and abandoning module PhysXCooking (84)
[2018.10.06-20.59.06:380][266]LogModuleManager: Shutting down and abandoning module SteamVR (82)
[2018.10.06-20.59.06:381][266]LogModuleManager: Shutting down and abandoning module OculusHMD (80)
[2018.10.06-20.59.06:381][266]LogModuleManager: Shutting down and abandoning module ExampleDeviceProfileSelector (78)
[2018.10.06-20.59.06:381][266]LogModuleManager: Shutting down and abandoning module LauncherChunkInstaller (76)
[2018.10.06-20.59.06:381][266]LogModuleManager: Shutting down and abandoning module OnlineBlueprintSupport (74)
[2018.10.06-20.59.06:381][266]LogModuleManager: Shutting down and abandoning module OnlineSubsystem (70)
[2018.10.06-20.59.06:383][266]LogModuleManager: Shutting down and abandoning module XMPP (65)
[2018.10.06-20.59.06:384][266]LogModuleManager: Shutting down and abandoning module WebSockets (64)
[2018.10.06-20.59.06:423][266]LogModuleManager: Shutting down and abandoning module HTTP (61)
[2018.10.06-20.59.06:423][266]LogHttp: Display: Http module shutting down, but needs to wait on 1 outstanding Http requests:
[2018.10.06-20.59.06:423][266]LogHttp: Display: 	verb=[POST] url=[https://datarouter.ol.epicgames.com/datarouter/api/v1/public/data?SessionID=%7BFE0EC65E-4341-3253-1B6F-54BCD03C2228%7D&AppID=UEEditor.Rocket.Release&AppVersion=4.20.2-4302132%2B%2B%2BUE4%2BRelease-4.20&UserID=189885ed41d3a647fc1ddcb74191f214%7C1cb0c2e736e346ffb4a2f6bde12826ea%7Cae78e79b-0b41-4f6f-92fb-95f620b072b1&AppEnvironment=datacollector-binary&UploadType=eteventstream] status=Processing
[2018.10.06-20.59.06:460][266]LogModuleManager: Shutting down and abandoning module SSL (60)
[2018.10.06-20.59.06:466][266]LogModuleManager: Shutting down and abandoning module MagicLeapEmulator (56)
[2018.10.06-20.59.06:466][266]LogModuleManager: Shutting down and abandoning module MagicLeapPrivileges (54)
[2018.10.06-20.59.06:466][266]LogModuleManager: Shutting down and abandoning module MagicLeapIdentity (52)
[2018.10.06-20.59.06:467][266]LogModuleManager: Shutting down and abandoning module MagicLeapHelperVulkan (50)
[2018.10.06-20.59.06:467][266]LogModuleManager: Shutting down and abandoning module MagicLeapHelperOpenGL (48)
[2018.10.06-20.59.06:467][266]LogModuleManager: Shutting down and abandoning module MagicLeapSecureStorage (46)
[2018.10.06-20.59.06:467][266]LogModuleManager: Shutting down and abandoning module MagicLeapGestures (44)
[2018.10.06-20.59.06:467][266]LogModuleManager: Shutting down and abandoning module MagicLeapEyeTracker (42)
[2018.10.06-20.59.06:467][266]LogModuleManager: Shutting down and abandoning module MagicLeapController (40)
[2018.10.06-20.59.06:468][266]LogSlate: Slate User Destroyed.  User Index 0, Is Virtual User: 0
[2018.10.06-20.59.06:468][266]LogModuleManager: Shutting down and abandoning module MagicLeap (38)
[2018.10.06-20.59.06:469][266]LogModuleManager: Shutting down and abandoning module AnimationModifiers (36)
[2018.10.06-20.59.06:469][266]LogModuleManager: Shutting down and abandoning module PropertyEditor (35)
[2018.10.06-20.59.06:469][266]LogModuleManager: Shutting down and abandoning module AudioEditor (32)
[2018.10.06-20.59.06:469][266]LogModuleManager: Shutting down and abandoning module TextureCompressor (30)
[2018.10.06-20.59.06:470][266]LogModuleManager: Shutting down and abandoning module ShaderCore (28)
[2018.10.06-20.59.06:471][266]LogModuleManager: Shutting down and abandoning module Landscape (26)
[2018.10.06-20.59.06:471][266]LogModuleManager: Shutting down and abandoning module SlateRHIRenderer (24)
[2018.10.06-20.59.06:472][266]LogModuleManager: Shutting down and abandoning module OpenGLDrv (22)
[2018.10.06-20.59.06:472][266]LogModuleManager: Shutting down and abandoning module D3D11RHI (20)
[2018.10.06-20.59.06:472][266]LogModuleManager: Shutting down and abandoning module AnimGraphRuntime (18)
[2018.10.06-20.59.06:472][266]LogModuleManager: Shutting down and abandoning module Renderer (16)
[2018.10.06-20.59.06:472][266]LogModuleManager: Shutting down and abandoning module Engine (14)
[2018.10.06-20.59.06:472][266]LogModuleManager: Shutting down and abandoning module CoreUObject (12)
[2018.10.06-20.59.06:473][266]LogModuleManager: Shutting down and abandoning module NetworkFile (10)
[2018.10.06-20.59.06:473][266]LogModuleManager: Shutting down and abandoning module CookedIterativeFile (8)
[2018.10.06-20.59.06:473][266]LogModuleManager: Shutting down and abandoning module StreamingFile (6)
[2018.10.06-20.59.06:473][266]LogModuleManager: Shutting down and abandoning module SandboxFile (4)
[2018.10.06-20.59.06:473][266]LogModuleManager: Shutting down and abandoning module PakFile (2)
[2018.10.06-20.59.06:500][266]LogExit: Exiting.
[2018.10.06-20.59.06:513][266]Log file closed, 10/06/18 15:59:06
